Flow report for HomeWorkFive
Mon Apr 29 09:45:58 2019
Quartus Prime Version 17.1.0 Build 590 10/25/2017 SJ Standard Edition


---------------------
; Table of Contents ;
---------------------
  1. Legal Notice
  2. Flow Summary
  3. Flow Settings
  4. Flow Non-Default Global Settings
  5. Flow Elapsed Time
  6. Flow OS Summary
  7. Flow Log
  8. Flow Messages
  9. Flow Suppressed Messages



----------------
; Legal Notice ;
----------------
Copyright (C) 2017  Intel Corporation. All rights reserved.
Your use of Intel Corporation's design tools, logic functions 
and other software and tools, and its AMPP partner logic 
functions, and any output files from any of the foregoing 
(including device programming or simulation files), and any 
associated documentation or information are expressly subject 
to the terms and conditions of the Intel Program License 
Subscription Agreement, the Intel Quartus Prime License Agreement,
the Intel FPGA IP License Agreement, or other applicable license
agreement, including, without limitation, that your use is for
the sole purpose of programming logic devices manufactured by
Intel and sold by Intel or its authorized distributors.  Please
refer to the applicable agreement for further details.



+--------------------------------------------------------------------------------------+
; Flow Summary                                                                         ;
+------------------------------------+-------------------------------------------------+
; Flow Status                        ; Successful - Mon Apr 29 09:45:58 2019           ;
; Quartus Prime Version              ; 17.1.0 Build 590 10/25/2017 SJ Standard Edition ;
; Revision Name                      ; HomeWorkFive                                    ;
; Top-level Entity Name              ; HomeWorkFive                                    ;
; Family                             ; Cyclone IV E                                    ;
; Device                             ; EP4CE55F23I7                                    ;
; Timing Models                      ; Final                                           ;
; Total logic elements               ; 193 / 55,856 ( < 1 % )                          ;
;     Total combinational functions  ; 192 / 55,856 ( < 1 % )                          ;
;     Dedicated logic registers      ; 56 / 55,856 ( < 1 % )                           ;
; Total registers                    ; 56                                              ;
; Total pins                         ; 16 / 325 ( 5 % )                                ;
; Total virtual pins                 ; 0                                               ;
; Total memory bits                  ; 0 / 2,396,160 ( 0 % )                           ;
; Embedded Multiplier 9-bit elements ; 0 / 308 ( 0 % )                                 ;
; Total PLLs                         ; 0 / 4 ( 0 % )                                   ;
+------------------------------------+-------------------------------------------------+


+-----------------------------------------+
; Flow Settings                           ;
+-------------------+---------------------+
; Option            ; Setting             ;
+-------------------+---------------------+
; Start date & time ; 04/29/2019 09:45:25 ;
; Main task         ; Compilation         ;
; Revision Name     ; HomeWorkFive        ;
+-------------------+---------------------+


+---------------------------------------------------------------------------------------------------------------------------------+
; Flow Non-Default Global Settings                                                                                                ;
+--------------------------------------+----------------------------------------+---------------+-------------+-------------------+
; Assignment Name                      ; Value                                  ; Default Value ; Entity Name ; Section Id        ;
+--------------------------------------+----------------------------------------+---------------+-------------+-------------------+
; COMPILER_SIGNATURE_ID                ; 1096900840522.155650232507688          ; --            ; --          ; --                ;
; EDA_DESIGN_INSTANCE_NAME             ; NA                                     ; --            ; --          ; HomeWorkFive_test ;
; EDA_NATIVELINK_SIMULATION_TEST_BENCH ; HomeWorkFive_test                      ; --            ; --          ; eda_simulation    ;
; EDA_OUTPUT_DATA_FORMAT               ; Verilog Hdl                            ; --            ; --          ; eda_simulation    ;
; EDA_SIMULATION_TOOL                  ; ModelSim-Altera (Verilog)              ; <None>        ; --          ; --                ;
; EDA_TEST_BENCH_ENABLE_STATUS         ; TEST_BENCH_MODE                        ; --            ; --          ; eda_simulation    ;
; EDA_TEST_BENCH_FILE                  ; simulation/modelsim/HomeWorkFive.vt    ; --            ; --          ; HomeWorkFive_test ;
; EDA_TEST_BENCH_MODULE_NAME           ; HomeWorkFive_test                      ; --            ; --          ; HomeWorkFive_test ;
; EDA_TEST_BENCH_NAME                  ; HomeWorkFive_test                      ; --            ; --          ; eda_simulation    ;
; EDA_TIME_SCALE                       ; 1 ps                                   ; --            ; --          ; eda_simulation    ;
; MAX_CORE_JUNCTION_TEMP               ; 100                                    ; --            ; --          ; --                ;
; MIN_CORE_JUNCTION_TEMP               ; -40                                    ; --            ; --          ; --                ;
; NOMINAL_CORE_SUPPLY_VOLTAGE          ; 1.2V                                   ; --            ; --          ; --                ;
; PARTITION_COLOR                      ; -- (Not supported for targeted family) ; --            ; --          ; Top               ;
; PARTITION_FITTER_PRESERVATION_LEVEL  ; -- (Not supported for targeted family) ; --            ; --          ; Top               ;
; PARTITION_NETLIST_TYPE               ; -- (Not supported for targeted family) ; --            ; --          ; Top               ;
; POWER_BOARD_THERMAL_MODEL            ; None (CONSERVATIVE)                    ; --            ; --          ; --                ;
; POWER_PRESET_COOLING_SOLUTION        ; 23 MM HEAT SINK WITH 200 LFPM AIRFLOW  ; --            ; --          ; --                ;
; PROJECT_OUTPUT_DIRECTORY             ; output_files                           ; --            ; --          ; --                ;
+--------------------------------------+----------------------------------------+---------------+-------------+-------------------+


+-------------------------------------------------------------------------------------------------------------------------------+
; Flow Elapsed Time                                                                                                             ;
+---------------------------+--------------+-------------------------+---------------------+------------------------------------+
; Module Name               ; Elapsed Time ; Average Processors Used ; Peak Virtual Memory ; Total CPU Time (on all processors) ;
+---------------------------+--------------+-------------------------+---------------------+------------------------------------+
; Analysis & Synthesis      ; 00:00:12     ; 1.0                     ; 4784 MB             ; 00:00:25                           ;
; Fitter                    ; 00:00:11     ; 1.0                     ; 5622 MB             ; 00:00:15                           ;
; Assembler                 ; 00:00:02     ; 1.0                     ; 4695 MB             ; 00:00:02                           ;
; TimeQuest Timing Analyzer ; 00:00:02     ; 1.0                     ; 4809 MB             ; 00:00:02                           ;
; EDA Netlist Writer        ; 00:00:01     ; 1.0                     ; 4664 MB             ; 00:00:01                           ;
; Total                     ; 00:00:28     ; --                      ; --                  ; 00:00:45                           ;
+---------------------------+--------------+-------------------------+---------------------+------------------------------------+


+-----------------------------------------------------------------------------------------+
; Flow OS Summary                                                                         ;
+---------------------------+------------------+------------+------------+----------------+
; Module Name               ; Machine Hostname ; OS Name    ; OS Version ; Processor type ;
+---------------------------+------------------+------------+------------+----------------+
; Analysis & Synthesis      ; luoshutu         ; Windows 10 ; 10.0       ; x86_64         ;
; Fitter                    ; luoshutu         ; Windows 10 ; 10.0       ; x86_64         ;
; Assembler                 ; luoshutu         ; Windows 10 ; 10.0       ; x86_64         ;
; TimeQuest Timing Analyzer ; luoshutu         ; Windows 10 ; 10.0       ; x86_64         ;
; EDA Netlist Writer        ; luoshutu         ; Windows 10 ; 10.0       ; x86_64         ;
+---------------------------+------------------+------------+------------+----------------+


------------
; Flow Log ;
------------
quartus_map --read_settings_files=on --write_settings_files=off HomeWorkFive -c HomeWorkFive
quartus_fit --read_settings_files=off --write_settings_files=off HomeWorkFive -c HomeWorkFive
quartus_asm --read_settings_files=off --write_settings_files=off HomeWorkFive -c HomeWorkFive
quartus_sta HomeWorkFive -c HomeWorkFive
quartus_eda --read_settings_files=off --write_settings_files=off HomeWorkFive -c HomeWorkFive



